172880
441092
542376
523855
905463
0
218101
463231
783193
1
371163
183500
744120
0
0
122652
24
497213
653099
816209
240
867297
0
858571
984597
1
0
1
1320
806467
1
1
206256
0
0
0
1
868212
0
1
371316
729000
165540
865858
391682
0
519207
902376
0
237052
314478
1
24732
439054
154452
68640
1
0
315209
80002
198265
0
893531
627533
253345
0
0
378333
1
761306
0
738389
649124
1
118317
54551
549426
257671
25200
601632
1
46111
924578
397728
0
432
0
0
1
0
49205
0
456295
0
570081
292119
0
442176
57800
951288
